<?xml version="1.0" encoding="UTF-8"?>
<testng-results skipped="0" failed="0" ignored="0" total="1" passed="1">
  <reporter-output>
  </reporter-output>
  <suite name="mySuiteApptive" duration-ms="2409" started-at="2019-11-09T11:42:40 CST" finished-at="2019-11-09T11:42:43 CST">
    <groups>
    </groups>
    <test name="mySuiteApp_tive" duration-ms="2409" started-at="2019-11-09T11:42:40 CST" finished-at="2019-11-09T11:42:43 CST">
      <class name="com.qaminds.testget_apptive.Introduction">
        <test-method status="PASS" signature="chargeDriver()[pri:0, instance:com.qaminds.testget_apptive.Introduction@78c03f1f]" name="chargeDriver" is-config="true" duration-ms="9134" started-at="2019-11-09T11:42:31 CST" finished-at="2019-11-09T11:42:40 CST">
          <reporter-output>
          </reporter-output>
        </test-method> <!-- chargeDriver -->
        <test-method status="PASS" signature="validationTest()[pri:0, instance:com.qaminds.testget_apptive.Introduction@78c03f1f]" name="validationTest" duration-ms="2358" started-at="2019-11-09T11:42:40 CST" finished-at="2019-11-09T11:42:43 CST">
          <reporter-output>
          </reporter-output>
        </test-method> <!-- validationTest -->
        <test-method status="PASS" signature="finishDriver()[pri:0, instance:com.qaminds.testget_apptive.Introduction@78c03f1f]" name="finishDriver" is-config="true" duration-ms="1512" started-at="2019-11-09T11:42:43 CST" finished-at="2019-11-09T11:42:44 CST">
          <reporter-output>
          </reporter-output>
        </test-method> <!-- finishDriver -->
      </class> <!-- com.qaminds.testget_apptive.Introduction -->
    </test> <!-- mySuiteApp_tive -->
  </suite> <!-- mySuiteApptive -->
</testng-results>
